# JRE version: Java(TM) SE Runtime Environment (8.0_102-b14) (build 1.8.0_102-b14)
# Java VM: Java HotSpot(TM) 64-Bit Server VM (25.102-b14 mixed mode windows-amd64 compressed oops)
Heap:
 PSYoungGen      total 208896K, used 84312K [0x00000000eab00000, 0x00000000f9900000, 0x0000000100000000)
  eden space 200704K, 42% used [0x00000000eab00000,0x00000000efd56230,0x00000000f6f00000)
  from space 8192K, 0% used [0x00000000f6f00000,0x00000000f6f00000,0x00000000f7700000)
  to   space 21504K, 0% used [0x00000000f8400000,0x00000000f8400000,0x00000000f9900000)
 ParOldGen       total 108544K, used 55096K [0x00000000c0000000, 0x00000000c6a00000, 0x00000000eab00000)
  object space 108544K, 50% used [0x00000000c0000000,0x00000000c35ce150,0x00000000c6a00000)
 Metaspace       used 57237K, capacity 59552K, committed 59904K, reserved 1101824K
  class space    used 7801K, capacity 8338K, committed 8448K, reserved 1048576K
GC Heap History (10 events):
Event: 192.283 GC heap before
{Heap before GC invocations=23 (full 3):
 PSYoungGen      total 197632K, used 119942K [0x00000000eab00000, 0x00000000f9d00000, 0x0000000100000000)
  eden space 179712K, 56% used [0x00000000eab00000,0x00000000f0ea6e48,0x00000000f5a80000)
  from space 17920K, 99% used [0x00000000f5a80000,0x00000000f6bfaca8,0x00000000f6c00000)
  to   space 23552K, 0% used [0x00000000f8600000,0x00000000f8600000,0x00000000f9d00000)
 ParOldGen       total 57856K, used 42285K [0x00000000c0000000, 0x00000000c3880000, 0x00000000eab00000)
  object space 57856K, 73% used [0x00000000c0000000,0x00000000c294b630,0x00000000c3880000)
 Metaspace       used 55775K, capacity 57674K, committed 57856K, reserved 1099776K
  class space    used 7642K, capacity 8098K, committed 8192K, reserved 1048576K
Event: 192.331 GC heap after
Heap after GC invocations=23 (full 3):
 PSYoungGen      total 222208K, used 10231K [0x00000000eab00000, 0x00000000f9b00000, 0x0000000100000000)
  eden space 200704K, 0% used [0x00000000eab00000,0x00000000eab00000,0x00000000f6f00000)
  from space 21504K, 47% used [0x00000000f8600000,0x00000000f8ffde00,0x00000000f9b00000)
  to   space 22528K, 0% used [0x00000000f6f00000,0x00000000f6f00000,0x00000000f8500000)
 ParOldGen       total 57856K, used 51231K [0x00000000c0000000, 0x00000000c3880000, 0x00000000eab00000)
  object space 57856K, 88% used [0x00000000c0000000,0x00000000c3207e58,0x00000000c3880000)
 Metaspace       used 55775K, capacity 57674K, committed 57856K, reserved 1099776K
  class space    used 7642K, capacity 8098K, committed 8192K, reserved 1048576K
}
Event: 192.331 GC heap before
{Heap before GC invocations=24 (full 4):
 PSYoungGen      total 222208K, used 10231K [0x00000000eab00000, 0x00000000f9b00000, 0x0000000100000000)
  eden space 200704K, 0% used [0x00000000eab00000,0x00000000eab00000,0x00000000f6f00000)
  from space 21504K, 47% used [0x00000000f8600000,0x00000000f8ffde00,0x00000000f9b00000)
  to   space 22528K, 0% used [0x00000000f6f00000,0x00000000f6f00000,0x00000000f8500000)
 ParOldGen       total 57856K, used 51231K [0x00000000c0000000, 0x00000000c3880000, 0x00000000eab00000)
  object space 57856K, 88% used [0x00000000c0000000,0x00000000c3207e58,0x00000000c3880000)
 Metaspace       used 55775K, capacity 57674K, committed 57856K, reserved 1099776K
  class space    used 7642K, capacity 8098K, committed 8192K, reserved 1048576K
Event: 193.098 GC heap after
Heap after GC invocations=24 (full 4):
 PSYoungGen      total 222208K, used 0K [0x00000000eab00000, 0x00000000f9b00000, 0x0000000100000000)
  eden space 200704K, 0% used [0x00000000eab00000,0x00000000eab00000,0x00000000f6f00000)
  from space 21504K, 0% used [0x00000000f8600000,0x00000000f8600000,0x00000000f9b00000)
  to   space 22528K, 0% used [0x00000000f6f00000,0x00000000f6f00000,0x00000000f8500000)
 ParOldGen       total 57856K, used 45076K [0x00000000c0000000, 0x00000000c3880000, 0x00000000eab00000)
  object space 57856K, 77% used [0x00000000c0000000,0x00000000c2c05130,0x00000000c3880000)
 Metaspace       used 55775K, capacity 57674K, committed 57856K, reserved 1099776K
  class space    used 7642K, capacity 8098K, committed 8192K, reserved 1048576K
}
Event: 621.184 GC heap before
{Heap before GC invocations=25 (full 4):
 PSYoungGen      total 222208K, used 162860K [0x00000000eab00000, 0x00000000f9b00000, 0x0000000100000000)
  eden space 200704K, 81% used [0x00000000eab00000,0x00000000f4a0b290,0x00000000f6f00000)
  from space 21504K, 0% used [0x00000000f8600000,0x00000000f8600000,0x00000000f9b00000)
  to   space 22528K, 0% used [0x00000000f6f00000,0x00000000f6f00000,0x00000000f8500000)
 ParOldGen       total 57856K, used 45076K [0x00000000c0000000, 0x00000000c3880000, 0x00000000eab00000)
  object space 57856K, 77% used [0x00000000c0000000,0x00000000c2c05130,0x00000000c3880000)
 Metaspace       used 56897K, capacity 59198K, committed 59264K, reserved 1099776K
  class space    used 7781K, capacity 8311K, committed 8320K, reserved 1048576K
Event: 621.255 GC heap after
Heap after GC invocations=25 (full 4):
 PSYoungGen      total 208896K, used 7962K [0x00000000eab00000, 0x00000000f9900000, 0x0000000100000000)
  eden space 200704K, 0% used [0x00000000eab00000,0x00000000eab00000,0x00000000f6f00000)
  from space 8192K, 97% used [0x00000000f6f00000,0x00000000f76c68d0,0x00000000f7700000)
  to   space 21504K, 0% used [0x00000000f8400000,0x00000000f8400000,0x00000000f9900000)
 ParOldGen       total 57856K, used 45084K [0x00000000c0000000, 0x00000000c3880000, 0x00000000eab00000)
  object space 57856K, 77% used [0x00000000c0000000,0x00000000c2c07130,0x00000000c3880000)
 Metaspace       used 56897K, capacity 59198K, committed 59264K, reserved 1099776K
  class space    used 7781K, capacity 8311K, committed 8320K, reserved 1048576K
}
Event: 621.255 GC heap before
{Heap before GC invocations=26 (full 5):
 PSYoungGen      total 208896K, used 7962K [0x00000000eab00000, 0x00000000f9900000, 0x0000000100000000)
  eden space 200704K, 0% used [0x00000000eab00000,0x00000000eab00000,0x00000000f6f00000)
  from space 8192K, 97% used [0x00000000f6f00000,0x00000000f76c68d0,0x00000000f7700000)
  to   space 21504K, 0% used [0x00000000f8400000,0x00000000f8400000,0x00000000f9900000)
 ParOldGen       total 57856K, used 45084K [0x00000000c0000000, 0x00000000c3880000, 0x00000000eab00000)
  object space 57856K, 77% used [0x00000000c0000000,0x00000000c2c07130,0x00000000c3880000)
 Metaspace       used 56897K, capacity 59198K, committed 59264K, reserved 1099776K
  class space    used 7781K, capacity 8311K, committed 8320K, reserved 1048576K
Event: 622.141 GC heap after
Heap after GC invocations=26 (full 5):
 PSYoungGen      total 208896K, used 0K [0x00000000eab00000, 0x00000000f9900000, 0x0000000100000000)
  eden space 200704K, 0% used [0x00000000eab00000,0x00000000eab00000,0x00000000f6f00000)
  from space 8192K, 0% used [0x00000000f6f00000,0x00000000f6f00000,0x00000000f7700000)
  to   space 21504K, 0% used [0x00000000f8400000,0x00000000f8400000,0x00000000f9900000)
 ParOldGen       total 57856K, used 50123K [0x00000000c0000000, 0x00000000c3880000, 0x00000000eab00000)
  object space 57856K, 86% used [0x00000000c0000000,0x00000000c30f2fd0,0x00000000c3880000)
 Metaspace       used 56897K, capacity 59198K, committed 59264K, reserved 1099776K
  class space    used 7781K, capacity 8311K, committed 8320K, reserved 1048576K
}
Event: 705.632 GC heap before
{Heap before GC invocations=27 (full 6):
 PSYoungGen      total 208896K, used 200704K [0x00000000eab00000, 0x00000000f9900000, 0x0000000100000000)
  eden space 200704K, 100% used [0x00000000eab00000,0x00000000f6f00000,0x00000000f6f00000)
  from space 8192K, 0% used [0x00000000f6f00000,0x00000000f6f00000,0x00000000f7700000)
  to   space 21504K, 0% used [0x00000000f8400000,0x00000000f8400000,0x00000000f9900000)
 ParOldGen       total 57856K, used 50123K [0x00000000c0000000, 0x00000000c3880000, 0x00000000eab00000)
  object space 57856K, 86% used [0x00000000c0000000,0x00000000c30f2fd0,0x00000000c3880000)
 Metaspace       used 57183K, capacity 59488K, committed 59648K, reserved 1099776K
  class space    used 7801K, capacity 8338K, committed 8448K, reserved 1048576K
Event: 705.853 GC heap after
Heap after GC invocations=27 (full 6):
 PSYoungGen      total 208896K, used 0K [0x00000000eab00000, 0x00000000f9900000, 0x0000000100000000)
  eden space 200704K, 0% used [0x00000000eab00000,0x00000000eab00000,0x00000000f6f00000)
  from space 8192K, 0% used [0x00000000f6f00000,0x00000000f6f00000,0x00000000f7700000)
  to   space 21504K, 0% used [0x00000000f8400000,0x00000000f8400000,0x00000000f9900000)
 ParOldGen       total 108544K, used 55096K [0x00000000c0000000, 0x00000000c6a00000, 0x00000000eab00000)
  object space 108544K, 50% used [0x00000000c0000000,0x00000000c35ce150,0x00000000c6a00000)
 Metaspace       used 57183K, capacity 59488K, committed 59648K, reserved 1099776K
  class space    used 7801K, capacity 8338K, committed 8448K, reserved 1048576K
}

